--- discover https://buildertrend.net/app/DailyLogView/87368934/35259913/none at 2026-05-28T22:38:37.479951+00:00 ---
navigating to: https://buildertrend.net/app/DailyLogView/87368934/35259913/none
200 text/html; charset=utf-8                 https://buildertrend.net/app/DailyLogView/87368934/35259913/none
200 text/javascript                          https://buildertrend.net/btbundles/webpackruntime.chunk.952cd06a3b26393c4010.js
200 text/javascript                          https://buildertrend.net/btbundles/btConstants.chunk.a48ff04dc78d3770886c.js
200 text/css                                 https://buildertrend.net/btbundles/vendor.chunk.d997511c9e40ecdff893.css
200 text/javascript                          https://buildertrend.net/btbundles/vendor.chunk.11395e7dc6a92ad28208.js
200 text/css                                 https://buildertrend.net/btbundles/commons.chunk.55d87ee5b3feb4735351.css
200 text/javascript                          https://buildertrend.net/btbundles/commons.chunk.809b4b8c81772403715f.js
200 text/css                                 https://buildertrend.net/btbundles/rootMasterReact.chunk.75874bbad66de0276104.css
200 text/javascript                          https://buildertrend.net/btbundles/rootMasterReact.chunk.b41b62e37c159203cefb.js
200 text/css; charset=utf-8                  https://buildertrend.net/btfonticons/TabSpecificCssIncludes_BuildertrendFontIcons?v=dnDYiz7I-PKk6OheBD63C-bsOhskkEhdXulZGFm0hAg1
200 text/css; charset=utf-8                  https://fonts.googleapis.com/css?family=Open+Sans:300,400,600,700
200 text/css                                 https://buildertrend.net/btbundles/toastNotifications.chunk.1fa9663aedd4ac988f81.css
200 text/javascript                          https://buildertrend.net/btbundles/toastNotifications.chunk.4c710a50b309be8cbef9.js
200 text/javascript; charset=utf-8           https://buildertrend.net/bundles/multiSelect?v=KfKG7Asjd6R0eXLQ0BRphM4e1J3BhzRIZBmUjWokGBk1
200 text/javascript                          https://buildertrend.net/app/static/index-wD5ZuATw.js
200 text/css                                 https://buildertrend.net/app/static/index-CDms31FU.css
200 text/javascript; charset=utf-8           https://svc.webspellchecker.net/spellcheck31/wscbundle/wscbundle.js
200 image/gif                                https://buildertrend.net/images/Common/new-ajax-loader.gif
200 application/x-javascript                 https://buildertrend.net/WebResource.axd?d=pynGkmcFUV13He1Qd6_TZKnuDsfz_ITHjzQQHpPiZNY4p76nCFowsZLzdvWH0zxSceqgtg2&t=638901356248157332
200 font/woff2                               https://buildertrend.net/app/static/Inter-Regular-CKDp9E3C.woff2
200 font/woff2                               https://buildertrend.net/app/static/Inter-Medium-P1cOs5ep.woff2
200 font/woff2                               https://buildertrend.net/app/static/Inter-SemiBold-Ctx7G98q.woff2
200 text/javascript                          https://cdn.mxpnl.com/libs/mixpanel-2-latest.min.js
200 application/javascript                   blob:https://buildertrend.net/445225e2-7816-4c7c-a706-4d51b5ca7937
200 application/javascript                   blob:https://buildertrend.net/6e6bf44c-47a2-4f6f-bfca-e52926b457de
200 text/javascript; charset=UTF-8           https://maps.googleapis.com/maps/api/js?libraries=maps%2Cplaces&key=AIzaSyCaJoseUiqgEbFJ7zBOjEWWcCRebcmEz1U&callback=google.maps.__ib__
200 application/javascript; charset=utf-8    https://fast.chameleon.io/messo/SxsSO5t0uCact9ApajhFFzEgaZd9YbLF3HdcjI04VmfJ2E-1SqV6m-Fh4NFsQklLLjTEw1/messo.min.js
200 application/json                         https://sentry.io/api/1760151/envelope/?sentry_version=7&sentry_key=2ad9893180f040e8b0c04b35cbe9477c&sentry_client=sentry.javascript.react%2F8.55.0
200 text/javascript                          https://maps.googleapis.com/maps-api-v3/api/js/65/2d/places.js
200 text/javascript                          https://maps.googleapis.com/maps-api-v3/api/js/65/2d/main.js
200 text/javascript                          https://maps.googleapis.com/maps-api-v3/api/js/65/2d/common.js
200 text/javascript                          https://maps.googleapis.com/maps-api-v3/api/js/65/2d/map.js
200 text/javascript; charset=utf-8           https://connect.buildertrend.paragon.so/ui/scripts/sdk.js
200 text/javascript; charset=utf-8           https://fast.chameleon.io/edit/user/SxsSO5t0uCact9ApajhFFzEgaZd9YbLF3HdcjI04VmfJ2E-1SqV6m-Fh4NFsQklLLjTEw1/tenant/13216/territory.js
200 application/json; charset=UTF-8          https://maps.googleapis.com/maps/api/mapsjs/gen_204?csp_test=true
   body[800]: {} 
   body[800]: {}
200 text/html; charset=utf-8                 https://connect.buildertrend.paragon.so/ui
200 text/javascript; charset=utf-8           https://connect.buildertrend.paragon.so/ui/scripts/ui.js?v=2026.0507.1014-58bf4b67
200 text/css; charset=utf-8                  https://fonts.googleapis.com/css2?family=Inter:wght@400;500;600&display=swap
200 text/css; charset=utf-8                  https://cdnjs.cloudflare.com/ajax/libs/normalize/8.0.1/normalize.min.css
200 application/javascript; charset=utf-8    https://fast.chameleon.io/assets/chmln/5d7795ae6/chmln.js
200 application/javascript; charset=utf-8    https://fast.chameleon.io/assets/chmln/ea6d2248c/chmln.js
200 application/javascript; charset=utf-8    https://zn7qbckgahly8dnd8-buildertrend.siteintercept.qualtrics.com/SIE/?Q_ZID=ZN_7QBcKGahLY8dND8
200 application/javascript                   https://siteintercept.qualtrics.com/dxjsmodule/37.563258faf691eb76a2b2.chunk.js?Q_CLIENTVERSION=2.49.0&Q_CLIENTTYPE=web&Q_BRANDID=buildertrend.net
200 application/javascript                   https://siteintercept.qualtrics.com/dxjsmodule/12.3523fa7a83a73a0ea556.chunk.js?Q_CLIENTVERSION=2.49.0&Q_CLIENTTYPE=web&Q_BRANDID=buildertrend.net
200 application/json                         https://siteintercept.qualtrics.com/WRSiteInterceptEngine/Targeting.php?Q_ZoneID=ZN_7QBcKGahLY8dND8&Q_CLIENTVERSION=2.49.0&Q_CLIENTTYPE=web
200 application/javascript                   https://siteintercept.qualtrics.com/dxjsmodule/CoreModule.js?Q_CLIENTVERSION=2.49.0&Q_CLIENTTYPE=web&Q_BRANDID=buildertrend
200 application/javascript                   https://siteintercept.qualtrics.com/dxjsmodule/7.900914889374a84f5a9c.chunk.js?Q_CLIENTVERSION=2.49.0&Q_CLIENTTYPE=web&Q_BRANDID=buildertrend
200 application/javascript                   https://siteintercept.qualtrics.com/dxjsmodule/1.86075332208eff715705.chunk.js?Q_CLIENTVERSION=2.49.0&Q_CLIENTTYPE=web&Q_BRANDID=buildertrend
200 application/javascript                   https://siteintercept.qualtrics.com/dxjsmodule/LinkModule.js?Q_CLIENTVERSION=2.49.0&Q_CLIENTTYPE=web&Q_BRANDID=buildertrend
200 application/json; charset=utf-8          https://siteintercept.qualtrics.com/WRSiteInterceptEngine/Asset.php?Module=SI_cwLXLrATPa63rfw&Version=20&Q_ORIGIN=https://buildertrend.net&Q_CLIENTVERSION=2.49.0&Q_CLIENTTYPE=web&Q_BrandTier=6JXOb6PlXr&Q_ARCACHEVERSION=21&Q_BRANDDC=pdx1
200 application/json; charset=utf-8          https://siteintercept.qualtrics.com/WRSiteInterceptEngine/Asset.php?Module=CR_6QYxtHQReavrlSS&Version=3&Q_InterceptID=SI_cwLXLrATPa63rfw&Q_ORIGIN=https://buildertrend.net&Q_CLIENTVERSION=2.49.0&Q_CLIENTTYPE=web&Q_BrandTier=6JXOb6PlXr&Q_ARCACHEVERSION=21&Q_BRANDDC=pdx1
200 application/json; charset=utf-8          https://buildertrend.net/api/AccountInfo/GlobalInfo
200 application/javascript; charset=UTF-8    https://buildertrend.my.site.com/ESWBuildertrendChat1761777253810/assets/js/bootstrap.min.js
   body[800]: {"success":true,"message":"","needsToRelogin":false,"sessionJobInfo":null,"data":{"thirdPartyInfo":{"googleMapsApiKey":"AIzaSyCaJoseUiqgEbFJ7zBOjEWWcCRebcmEz1U","sentryCurrentEnvironmentReleaseId":"2011745-rc","firebaseConfig":{"apiKey":"AIzaSyCp7uAmwrGDzN-WZM5g8Z3c8pTJMVXhDq8","authDomain":"api-project-925398045647.firebaseapp.com","databaseURL":"https://api-project-925398045647.firebaseio.com","projectId":"api-project-925398045647","storageBucket":"api-project-925398045647.appspot.com","messagingSenderId":"925398045647","appId":"1:925398045647:web:237dce4d6db126be09f8ba","measurementId":"G-35FTZJ54TT"},"sardineClientId":"c51b3303-13c6-429f-a789-8185f5fb951f","sardineSessionKey":"da71c148-4fbc-41bb-a0fc-546d49855502"},"appDefaultInfo":{"importUIRefreshFrequency":10,"sessionTimeoutMinutes"
200 text/css; charset=UTF-8                  https://buildertrend.my.site.com/ESWBuildertrendChat1761777253810/assets/styles/bootstrap.min.css
204                                          https://buildertrend.my.salesforce-scrt.com/embeddedservice/v1/businesshours?orgId=00D1I000002L1ap&esConfigName=Buildertrend_Chat
200 application/json; charset=utf-8          https://fast.chameleon.io/observe/v2/profiles/66be0b3e0203c400428c20b8
200 application/json;charset=utf-8           https://buildertrend.my.salesforce-scrt.com/embeddedservice/v1/embedded-service-config?orgId=00D1I000002L1ap&esConfigName=Buildertrend_Chat&language=en_US
200 image/png                                https://fast.chameleon.io/attachments/69b19005c1fd97001b0decb6/original.png
200 application/json; charset=utf-8          https://buildertrend.net/apix/v2/Notifications/panel-info
200 text/html; charset=UTF-8                 https://buildertrend.my.site.com/ESWBuildertrendChat1761777253810/assets/htdocs/sitecontext.min.html?parent_domain=https%3A%2F%2Fbuildertrend.net
200 application/javascript; charset=UTF-8    https://buildertrend.my.site.com/ESWBuildertrendChat1761777253810/assets/js/sitecontext.min.js
200 image/png                                https://fast.chameleon.io/attachments/69948e38d68d55002cb6243a/original.png
200 image/png                                https://fast.chameleon.io/attachments/69948d9ed68d55002cb6241d/original.png
200 application/json; charset=utf-8          https://buildertrend.net/api/menu/
   body[800]: {"hasNotificationsSinceLastOpened":true}
200 application/javascript; charset=UTF-8    https://buildertrend.my.site.com/ESWBuildertrendChat1761777253810/assets/js/inert.min.js
   body[800]: {"success":true,"message":"","needsToRelogin":false,"sessionJobInfo":null,"data":{"tabs":{"sales":{"leadOpportunities":{"title":"Lead Opportunities","visible":true,"canQuickAdd":true,"isQuickAddPreference":true,"requiredPackage":null},"leadActivities":{"title":"Lead Activities","visible":true,"canQuickAdd":true,"isQuickAddPreference":true,"requiredPackage":null},"leadMap":{"title":"Lead Map","visible":true,"canQuickAdd":true,"isQuickAddPreference":false,"requiredPackage":null},"leadProposals":{"title":"Lead Proposals","visible":true,"canQuickAdd":true,"isQuickAddPreference":true,"requiredPackage":null},"activityCalendar":{"title":"Lead Activity Calendar","visible":true,"canQuickAdd":true,"isQuickAddPreference":false,"requiredPackage":null},"title":"Sales"},"job":{"summary":{"title":"Summar
200 application/json; charset=utf-8          https://buildertrend.net/api/Filters/92?useSession=false
   body[800]: {"success":true,"message":"","needsToRelogin":false,"sessionJobInfo":null,"data":{"filters":[{"jsonKey":"1","title":"Groups","type":3,"tooltipText":null,"showLabel":true,"useCurrency":false,"options":"1","defaultValue":[],"serializeBehavior":1,"allSelectedText":"--All Items Selected--","noneSelectedText":"--All Items Selected--","isVisible":true},{"jsonKey":"3","title":"Job Status","type":3,"tooltipText":null,"showLabel":true,"useCurrency":false,"options":"3","defaultValue":[5,1,7],"serializeBehavior":2,"allSelectedText":"--All Items Selected--","noneSelectedText":"--All Items Selected--","isVisible":true},{"jsonKey":"7","title":"Lead Status","type":3,"tooltipText":null,"showLabel":true,"useCurrency":false,"options":"7","defaultValue":[],"serializeBehavior":2,"allSelectedText":"--All Items
200 text/html; charset=utf-8                 https://buildertrend.my.site.com/ESWBuildertrendChat1761777253810/?lwc.mode=prod&lwr.linkHeaders=true
200 text/css; charset=UTF-8                  https://buildertrend.my.site.com/ESWBuildertrendChat1761777253810/assets/styles/embedded-messaging-styling.min.css?aa6ddb867a
200 text/css; charset=UTF-8                  https://buildertrend.my.site.com/ESWBuildertrendChat1761777253810/assets/styles/salesforce-lightning-design-system.min.css?aa6ddb867a
200 application/javascript; charset=UTF-8    https://buildertrend.my.site.com/ESWBuildertrendChat1761777253810/webruntime/framework/1e7fb74fd8/prod/lwr_loader
200 application/javascript; charset=UTF-8    https://buildertrend.my.site.com/ESWBuildertrendChat1761777253810/webruntime/framework/744f7852ef/prod/lwr_app_bootstrap_hook
200 application/javascript; charset=UTF-8    https://buildertrend.my.site.com/ESWBuildertrendChat1761777253810/webruntime/component/259a789b5905e4a3e65c0942cc97421d/prod/en-US/force/luvioLwcBindings_cmp
200 application/javascript; charset=UTF-8    https://buildertrend.my.site.com/ESWBuildertrendChat1761777253810/webruntime/component/5b8557d8725fba2dbf2e6a4968ec430c/prod/en-US/force/luvioRuntimeWebruntime_cmp
200 application/javascript; charset=UTF-8    https://buildertrend.my.site.com/ESWBuildertrendChat1761777253810/webruntime/framework/9b66f4a4e3/prod/lwr_bootstrap
200 application/javascript; charset=UTF-8    https://buildertrend.my.site.com/ESWBuildertrendChat1761777253810/webruntime/view/fca94158e6c5653212984c0b32e92295/prod/en-US/frame_view
200 application/javascript; charset=UTF-8    https://buildertrend.my.site.com/ESWBuildertrendChat1761777253810/webruntime/framework/9faac7844c/prod/lwr_lwc
200 application/javascript; charset=UTF-8    https://buildertrend.my.site.com/ESWBuildertrendChat1761777253810/webruntime/framework/267c7bc833/prod/lwr_app
200 text/javascript; charset=utf-8           https://fast.chameleon.io/edit/user/SxsSO5t0uCact9ApajhFFzEgaZd9YbLF3HdcjI04VmfJ2E-1SqV6m-Fh4NFsQklLLjTEw1/elements.js
200 application/javascript; charset=UTF-8    https://buildertrend.my.site.com/ESWBuildertrendChat1761777253810/webruntime/view/9fc4efc81f2138b7e6850480b73f952f/prod/en-US/home_view
200 application/json; charset=utf-8          https://buildertrend.net/api/jobpicker/GetJobPickerData
200 text/javascript                          https://buildertrend.net/app/static/daily-logs-BJx1j-IF.js
200 text/javascript                          https://buildertrend.net/app/static/AvatarGroup-BJE_9QxV.js
200 text/css                                 https://buildertrend.net/app/static/AvatarGroup-CwLxmCzy.css
200 text/javascript                          https://buildertrend.net/app/static/VimeoThumbnail-BmlnupDi.js
200 text/javascript                          https://buildertrend.net/app/static/videoStatus-CVIuZ6hN.js
200 text/javascript                          https://buildertrend.net/app/static/clientUpdateRelatedItemStatus-BF4fsebI.js
200 text/javascript                          https://buildertrend.net/app/static/NoteText-Bupqx6qI.js
200 text/javascript                          https://buildertrend.net/app/static/useButton-DMPp-iGD.js
200 text/css                                 https://buildertrend.net/app/static/BTBreadcrumb-B6jWqolv.css
   body[800]: {"success":true,"message":"","needsToRelogin":false,"sessionJobInfo":null,"data":{"jobs":[{"jobName":"View 214 Jobsites","jobId":0,"builderId":0,"projectedClosingDate":"0001-01-01T00:00:00","projectedStartDate":"0001-01-01T00:00:00","actualStartDate":"0001-01-01T00:00:00","customJobIconHtml":null,"customJobIconSrc":null,"defaultColor":null,"accountingEnabled":false,"accountingType":0,"accountingEnabledImageSrc":null,"accountingEnabledImageSrcHoverMsg":null,"ownerFirstName":null,"ownerLastName":null,"ownerDisplayName":null,"street":null,"city":null,"state":null,"zip":null,"suburb":null,"country":null,"addressWithoutStreet":null,"customFolder":null,"isClosed":false,"status":0,"isCalendarOffline":null,"hasEmail":null,"includeAllowances":null,"dateOpened":"0001-01-01T00:00:00","isOwnerEnabled"
200 text/css                                 https://buildertrend.net/app/static/MediaMasonry-Cga-EdZq.css
200 text/javascript                          https://buildertrend.net/app/static/DailyLogView-KX8ThR6b.js
200 text/javascript                          https://buildertrend.net/app/static/BTBreadcrumb-DXeRg_7T.js
200 text/javascript                          https://buildertrend.net/app/static/DetailFrame-BGH64SFT.js
200 text/javascript                          https://buildertrend.net/app/static/PhotoList.api.handler-CzPTH8Bl.js
200 text/javascript                          https://buildertrend.net/app/static/MediaMasonry-BjNt7dbt.js
200 text/javascript                          https://buildertrend.net/app/static/DailyLogCommonLayout-CBXheAqz.js
200 text/css                                 https://buildertrend.net/app/static/ClientUpdateRelatedItems-Bk04UqM-.css
200 text/css                                 https://buildertrend.net/app/static/DailyLogCommonLayout-D4i7Pgf9.css
200 text/css                                 https://buildertrend.net/app/static/CustomFieldContainer-DMboFTCM.css
200 text/css                                 https://buildertrend.net/app/static/BdsSectionBox-DuagPBEn.css
200 text/css                                 https://buildertrend.net/app/static/TaskStatusCheckbox-D59PohJT.css
200 text/css                                 https://buildertrend.net/app/static/TaskAssignmentsDisplay-B5RqUvGK.css
200 text/css                                 https://buildertrend.net/app/static/DailyLogView-Duj1710d.css
200 text/css                                 https://buildertrend.net/app/static/TaskRelatedItemsList-BLduXZZC.css
200 text/javascript                          https://buildertrend.net/app/static/DateRangeDisplayDate-Hpc46OHH.js
200 text/javascript                          https://buildertrend.net/app/static/BdsSectionBox-Ds7MBJyZ.js
200 text/javascript                          https://buildertrend.net/app/static/TaskRelatedItemsList-al5sTKUe.js
200 text/javascript                          https://buildertrend.net/app/static/ErrorLoading-GExKbDO0.js
200 text/javascript                          https://buildertrend.net/app/static/HideOnPortal-BY-rznB7.js
200 text/javascript                          https://buildertrend.net/app/static/DateRangeDisplay-Bs9VyXTn.js
200 text/javascript                          https://buildertrend.net/app/static/toDoCreation.utilities-B5MnR8-V.js
200 text/javascript                          https://buildertrend.net/app/static/ClientUpdateRelatedItems-LD7RrikO.js
200 text/javascript                          https://buildertrend.net/app/static/TaskStatusCheckbox-u71S7TiW.js
200 text/javascript                          https://buildertrend.net/app/static/workingDaysCalculator-BJICtMC4.js
200 text/javascript                          https://buildertrend.net/app/static/TaskAssignmentsDisplay-BJSX8dON.js
200 text/javascript                          https://buildertrend.net/app/static/CustomFieldContainer-QowrlBJX.js
200 text/javascript                          https://buildertrend.net/app/static/message.utils-CGMfP27p.js
200 application/json; charset=utf-8          https://buildertrend.net/apix/v2/DailyLogs/87368934?jobId=35259913
   body[60000]: {"id":87368934,"jobId":35259913,"builderId":13216,"jobName":"(7 Finance *MS) Patatian, Greg 1","logDate":"2026-04-21T00:00:00","logTitle":"","notes":"already moved the light and switch the 5gal rosmery","dailyLogUserInfo":{"addedByUserName":"Jimmy Lopez","addedByUserDate":"2026-04-21T19:35:32.7","updatedByUserName":"Jimmy Lopez","updatedByUserDate":"2026-04-21T19:35:32.7","addedByUserId":33081561},"weatherDetails":{"weatherInformation":null,"weatherNotes":""},"files":{"title":"Attachments","viewingPermissions":{"canAddFiles":true,"videoDurationLimit":null,"videoMaxSizeMB":5120,"allowFullSizeImages":true,"minFileSize":1,"maxFileSize":536871000,"maxFiles":200,"isFileReplaceMode":false,"documentListType":0,"jobsiteID":35259913,"leadId":null,"browseExistingDocs":{"canBrowsePhotos":true,"canBrowseDocuments":true,"canBrowseVideos":true},"allowedPhotoExtensions":[".bmp",".gif",".png",".jpg",".jpeg",".tif",".tiff",".svg",".webp",".heic",".heif"],"allowedVideoExtensions":[".m4v",".mpg",".mp4",".wmv",".flv",".mov",".mkv",".avi"],"allAllowedExtensions":[".pdf",".m4a",".wps",".xps",".odt",".doc",".docx",".docm",".dotx",".one",".rtf",".xls",".xlsx",".xltx",".xlm",".xlsm",".pps",".ppt",".pptx",".vis",".mdb",".zip",".rar",".skp",".csv",".txt",".html",".htm",".pub",".spv",".wav",".dwg",".dwf",".dwfx",".dxf",".bak",".est",".3gp",".3gpp",".blg",".esx",".dat",".numbers",".pages",".3d",".2d",".tcp",".layout",".plan",".rvt",".bp",".jp2",".eps",".dsg",".ppsx",".deck",".mpp",".gsheet",".msg",".kit",".swiftjob",".ttx",".eml",".vsd",".au",".spd",".3dm",".pcs",".kmz",".kml",".bimx",".ec6",".bpn",".ods",".bld",".amr",".gsm",".pln",".cdr",".svg",".ai",".wpd",".wp",".wp7",".wp6",".wp5",".wp4",".ctb",".wrl",".fcp",".vsdx",".heic",".tlx",".json",".log",".kmz",".kml",".psd",".skb",".skp",".mmdl",".cad",".alt",".vwx",".atl",".lnf",".bmp",".gif",".png",".jpg",".jpeg",".tif",".tiff",".svg",".webp",".heic",".heif",".m4v",".mpg",".mp4",".wmv",".flv",".mov",".mkv",".avi"],"allowedDocumentExtensions":[".pdf",".m4a",".wps",".xps",".odt",".doc",".docx",".docm",".dotx",".one",".rtf",".xls",".xlsx",".xltx",".xlm",".xlsm",".pps",".ppt",".pptx",".vis",".mdb",".zip",".rar",".skp",".csv",".txt",".html",".htm",".pub",".spv",".wav",".dwg",".dwf",".dwfx",".dxf",".bak",".est",".3gp",".3gpp",".blg",".esx",".dat",".numbers",".pages",".3d",".2d",".tcp",".layout",".plan",".rvt",".bp",".jp2",".eps",".dsg",".ppsx",".deck",".mpp",".gsheet",".msg",".kit",".swiftjob",".ttx",".eml",".vsd",".au",".spd",".3dm",".pcs",".kmz",".kml",".bimx",".ec6",".bpn",".ods",".bld",".amr",".gsm",".pln",".cdr",".svg",".ai",".wpd",".wp",".wp7",".wp6",".wp5",".wp4",".ctb",".wrl",".fcp",".vsdx",".heic",".tlx",".json",".log",".kmz",".kml",".psd",".skb",".skp",".mmdl",".cad",".alt",".vwx",".atl",".lnf"],"canUploadPhotos":true,"canUploadDocuments":true,"canUploadVideos":true,"blacklistedExtensions":[".adp",".app",".asp",".bas",".bat",".cer",".chm",".cmd",".cnt",".com",".cpl",".crt",".csh",".der",".exe",".fxp",".gadget",".hlp",".hpj",".hta",".inf",".ins",".isp",".its",".js",".jse",".ksh",".lnk",".mad",".maf",".mag",".mam",".maq",".mar",".mas",".mat",".mau",".mav",".maw",".mda",".mdb",".mde",".mdt",".mdw",".mdz",".msc",".msh",".msh1",".msh2",".mshxml",".msh1xml",".msh2xml",".msi",".msp",".mst",".ops",".osd",".pcd",".pif",".plg",".prf",".prg",".pst",".reg",".scf",".scr",".sct",".shb",".shs",".ps1",".ps1xml",".ps2",".ps2xml",".psc1",".psc2",".tmp",".url",".vb",".vbe",".vbp",".vbs",".vsmacros",".vsw",".ws",".wsc",".wsf",".wsh",".xnk",".ade",".cla",".class",".grp",".jar",".mcf",".ocx",".pl",".xbap",".ds_store"],"ignoreBlacklist":false},"newFileOptions":{"title":null,"loginType":0,"fileOptionKey":0,"defaultValue":false,"canEdit":true,"visible":true,"options":[{"title":"Show","loginType":0,"fileOptionKey":0,"defaultValue":false,"canEdit":false,"visible":true,"options":[{"title":"Builder","loginType":1,"fileOptionKey":5,"defaultValue":true,"canEdit":false,"visible":false,"options":null},{"title":"Client","loginType":2,"fileOptionKey":3,"defaultValue":true,"canEdit":true,"visible":true,"options":null},{"title":"Subs","loginType":3,"fileOptionKey":1,"defaultValue":true,"canEdit":true,"visible":true,"options":null}]},{"title":"Notify","loginType":0,"fileOptionKey":0,"defaultValue":false,"canEdit":false,"visible":true,"options":[{"title":"Builder","loginType":1,"fileOptionKey":6,"defaultValue":true,"canEdit":false,"visible":false,"options":null},{"title":"Client","loginType":2,"fileOptionKey":4,"defaultValue":false,"canEdit":true,"visible":true,"options":null},{"title":"Subs","loginType":3,"fileOptionKey":2,"defaultValue":false,"canEdit":true,"visible":false,"options":null}]}]},"files":[]},"images":{"title":"Attachments","viewingPermissions":{"canAddFiles":true,"videoDurationLimit":null,"videoMaxSizeMB":5120,"allowFullSizeImages":true,"minFileSize":1,"maxFileSize":536871000,"maxFiles":200,"isFileReplaceMode":false,"documentListType":0,"jobsiteID":35259913,"leadId":null,"browseExistingDocs":{"canBrowsePhotos":true,"canBrowseDocuments":true,"canBrowseVideos":true},"allowedPhotoExtensions":[".bmp",".gif",".png",".jpg",".jpeg",".tif",".tiff",".svg",".webp",".heic",".heif"],"allowedVideoExtensions":[".m4v",".mpg",".mp4",".wmv",".flv",".mov",".mkv",".avi"],"allAllowedExtensions":[".pdf",".m4a",".wps",".xps",".odt",".doc",".docx",".docm",".dotx",".one",".rtf",".xls",".xlsx",".xltx",".xlm",".xlsm",".pps",".ppt",".pptx",".vis",".mdb",".zip",".rar",".skp",".csv",".txt",".html",".htm",".pub",".spv",".wav",".dwg",".dwf",".dwfx",".dxf",".bak",".est",".3gp",".3gpp",".blg",".esx",".dat",".numbers",".pages",".3d",".2d",".tcp",".layout",".plan",".rvt",".bp",".jp2",".eps",".dsg",".ppsx",".deck",".mpp",".gsheet",".msg",".kit",".swiftjob",".ttx",".eml",".vsd",".au",".spd",".3dm",".pcs",".kmz",".kml",".bimx",".ec6",".bpn",".ods",".bld",".amr",".gsm",".pln",".cdr",".svg",".ai",".wpd",".wp",".wp7",".wp6",".wp5",".wp4",".ctb",".wrl",".fcp",".vsdx",".heic",".tlx",".json",".log",".kmz",".kml",".psd",".skb",".skp",".mmdl",".cad",".alt",".vwx",".atl",".lnf",".bmp",".gif",".png",".jpg",".jpeg",".tif",".tiff",".svg",".webp",".heic",".heif",".m4v",".mpg",".mp4",".wmv",".flv",".mov",".mkv",".avi"],"allowedDocumentExtensions":[".pdf",".m4a",".wps",".xps",".odt",".doc",".docx",".docm",".dotx",".one",".rtf",".xls",".xlsx",".xltx",".xlm",".xlsm",".pps",".ppt",".pptx",".vis",".mdb",".zip",".rar",".skp",".csv",".txt",".html",".htm",".pub",".spv",".wav",".dwg",".dwf",".dwfx",".dxf",".bak",".est",".3gp",".3gpp",".blg",".esx",".dat",".numbers",".pages",".3d",".2d",".tcp",".layout",".plan",".rvt",".bp",".jp2",".eps",".dsg",".ppsx",".deck",".mpp",".gsheet",".msg",".kit",".swiftjob",".ttx",".eml",".vsd",".au",".spd",".3dm",".pcs",".kmz",".kml",".bimx",".ec6",".bpn",".ods",".bld",".amr",".gsm",".pln",".cdr",".svg",".ai",".wpd",".wp",".wp7",".wp6",".wp5",".wp4",".ctb",".wrl",".fcp",".vsdx",".heic",".tlx",".json",".log",".kmz",".kml",".psd",".skb",".skp",".mmdl",".cad",".alt",".vwx",".atl",".lnf"],"canUploadPhotos":true,"canUploadDocuments":true,"canUploadVideos":true,"blacklistedExtensions":[".adp",".app",".asp",".bas",".bat",".cer",".chm",".cmd",".cnt",".com",".cpl",".crt",".csh",".der",".exe",".fxp",".gadget",".hlp",".hpj",".hta",".inf",".ins",".isp",".its",".js",".jse",".ksh",".lnk",".mad",".maf",".mag",".mam",".maq",".mar",".mas",".mat",".mau",".mav",".maw",".mda",".mdb",".mde",".mdt",".mdw",".mdz",".msc",".msh",".msh1",".msh2",".mshxml",".msh1xml",".msh2xml",".msi",".msp",".mst",".ops",".osd",".pcd",".pif",".plg",".prf",".prg",".pst",".reg",".scf",".scr",".sct",".shb",".shs",".ps1",".ps1xml",".ps2",".ps2xml",".psc1",".psc2",".tmp",".url",".vb",".vbe",".vbp",".vbs",".vsmacros",".vsw",".ws",".wsc",".wsf",".wsh",".xnk",".ade",".cla",".class",".grp",".jar",".mcf",".ocx",".pl",".xbap",".ds_store"],"ignoreBlacklist":false},"newFileOptions":{"title":null,"loginType":0,"fileOptionKey":0,"defaultValue":false,"canEdit":true,"visible":true,"options":[{"title":"Show","loginType":0,"fileOptionKey":0,"defaultValue":false,"canEdit":false,"visible":true,"options":[{"title":"Builder","loginType":1,"fileOptionKey":5,"defaultValue":true,"canEdit":false,"visible":false,"options":null},{"title":"Client","loginType":2,"fileOptionKey":3,"defaultValue":true,"canEdit":true,"visible":true,"options":null},{"title":"Subs","loginType":3,"fileOptionKey":1,"defaultValue":true,"canEdit":true,"visible":true,"options":null}]},{"title":"Notify","loginType":0,"fileOptionKey":0,"defaultValue":false,"canEdit":false,"visible":true,"options":[{"title":"Builder","loginType":1,"fileOptionKey":6,"defaultValue":true,"canEdit":false,"visible":false,"options":null},{"title":"Client","loginType":2,"fileOptionKey":4,"defaultValue":false,"canEdit":true,"visible":true,"options":null},{"title":"Subs","loginType":3,"fileOptionKey":2,"defaultValue":false,"canEdit":true,"visible":false,"options":null}]}]},"files":[{"id":1168766192,"documentInstanceId":"1168766192","builderId":13216,"jobsiteId":35259913,"entityId":87368934,"title":"20260421_131439.jpg","extension":"jpg","isPhoto":true,"mediaType":2,"folderType":0,"permissions":{"canAdd":true,"canEdit":true,"canEditOnline":false,"canDrawOnline":true,"canAnnotate":true,"canRequestSignatures":true,"canSign":false,"canDelete":true,"canViewRfis":true,"canAddRfis":true,"canComment":true,"canCopy":false,"canMove":false,"canSetViewingPermissions":false,"canEmail":false,"canSetAsOwnerFeature":false,"canEditDailyLogs":true,"canEditToDos":false,"canEditScheduleItems":true,"canEditChangeOrders":true,"canEditWarranties":true,"canEditSelections":true,"canEditBids":true},"viewingPermissions":{"showSubs":true,"showAllSubs":false,"showOwner":true,"mainFile":false},"commentCount":0,"subFolderDocumentCount":0,"subFolderCount":0,"fileSize":1421291,"fileSizeFormatted":"1.4 MB","thumbnail":"https://buildertrend.net/api/files/1168766192/preview?builderId=13216&jobId=35259913&rowVersion=34898847734&portalType=1","docPath":"https://buildertrend.net/api/files/1168766192?builderId=13216&jobId=35259913&rowVersion=34898847734&portalType=1","rowVersion":"34898847734","annotatedDocPath":"https://buildertrend.net/api/files/1168766192?builderId=13216&jobId=35259913&includeAnnotations=true&rowVersion=34898847734&portalType=1","downloadDocPath":"https://buildertrend.net/api/files/1168766192?builderId=13216&jobId=35259913&isAttachment=true&rowVersion=34898847734&portalType=1","downloadAnnotatedDocPath":"https://buildertrend.net/api/files/1168766192?builderId=13216&jobId=35259913&isAttachment=true&includeAnnotations=true&rowVersion=34898847734&portalType=1","previewDocPath":"https://buildertrend.net/api/files/1168766192/preview?builderId=13216&jobId=35259913&rowVersion=34898847734&portalType=1","previewAnnotatedDocPath":"https://buildertrend.net/api/files/1168766192/preview?builderId=13216&jobId=35259913&includeAnnotations=true&rowVersion=34898847734&portalType=1","videoId":null,"docPathWithBranding":"https://buildertrend.net/api/files/1168766192?builderId=13216&jobId=35259913&rowVersion=34898847734&portalType=1","annotatedDocPathWithBranding":"https://buildertrend.net/api/files/1168766192?builderId=13216&jobId=35259913&includeAnnotations=true&rowVersion=34898847734&portalType=1","addedBy":"Jimmy Lopez","lastModifiedOn":"2026-04-21T19:35:47.207","dateAttached":"2026-04-22T02:35:47.207","hasAnnotations":false,"annotationGroupId":null,"hasAnnotationLinks":false,"annotationLinkCount":0,"annotationCount":0,"isOriginalResolution":true,"is360Media":false,"status":0,"duration":"00:00:00","attachedEntityPath":null,"isTempFile":false,"isMacroEnabledExcelFile":false},{"id":1168766190,"documentInstanceId":"1168766190","builderId":13216,"jobsiteId":35259913,"entityId":87368934,"title":"20260421_131447.jpg","extension":"jpg","isPhoto":true,"mediaType":2,"folderType":0,"permissions":{"canAdd":true,"canEdit":true,"canEditOnline":false,"canDrawOnline":true,"canAnnotate":true,"canRequestSignatures":true,"canSign":false,"canDelete":true,"canViewRfis":true,"canAddRfis":true,"canComment":true,"canCopy":false,"canMove":false,"canSetViewingPermissions":false,"canEmail":false,"canSetAsOwnerFeature":false,"canEditDailyLogs":true,"canEditToDos":false,"canEditScheduleItems":true,"canEditChangeOrders":true,"canEditWarranties":true,"canEditSelections":true,"canEditBids":true},"viewingPermissions":{"showSubs":true,"showAllSubs":false,"showOwner":true,"mainFile":false},"commentCount":0,"subFolderDocumentCount":0,"subFolderCount":0,"fileSize":1117031,"fileSizeFormatted":"1.1 MB","thumbnail":"https://buildertrend.net/api/files/1168766190/preview?builderId=13216&jobId=35259913&rowVersion=34898847678&portalType=1","docPath":"https://buildertrend.net/api/files/1168766190?builderId=13216&jobId=35259913&rowVersion=34898847678&portalType=1","rowVersion":"34898847678","annotatedDocPath":"https://buildertrend.net/api/files/1168766190?builderId=13216&jobId=35259913&includeAnnotations=true&rowVersion=34898847678&portalType=1","downloadDocPath":"https://buildertrend.net/api/files/1168766190?builderId=13216&jobId=35259913&isAttachment=true&rowVersion=34898847678&portalType=1","downloadAnnotatedDocPath":"https://buildertrend.net/api/files/1168766190?builderId=13216&jobId=35259913&isAttachment=true&includeAnnotations=true&rowVersion=34898847678&portalType=1","previewDocPath":"https://buildertrend.net/api/files/1168766190/preview?builderId=13216&jobId=35259913&rowVersion=34898847678&portalType=1","previewAnnotatedDocPath":"https://buildertrend.net/api/files/1168766190/preview?builderId=13216&jobId=35259913&includeAnnotations=true&rowVersion=34898847678&portalType=1","videoId":null,"docPathWithBranding":"https://buildertrend.net/api/files/1168766190?builderId=13216&jobId=35259913&rowVersion=34898847678&portalType=1","annotatedDocPathWithBranding":"https://buildertrend.net/api/files/1168766190?builderId=13216&jobId=35259913&includeAnnotations=true&rowVersion=34898847678&portalType=1","addedBy":"Jimmy Lopez","lastModifiedOn":"2026-04-21T19:35:47.037","dateAttached":"2026-04-22T02:35:47.037","hasAnnotations":false,"annotationGroupId":null,"hasAnnotationLinks":false,"annotationLinkCount":0,"annotationCount":0,"isOriginalResolution":true,"is360Media":false,"status":0,"duration":"00:00:00","attachedEntityPath":null,"isTempFile":false,"isMacroEnabledExcelFile":false}]},"discussions":{"comments":{"comments":[{"builderId":0,"jobName":"(7 Finance *MS) Patatian, Greg 1","sourceType":"Daily Log","sourceTypeId":0,"linkedID":0,"commentDate":"0001-01-01T00:00:00","commentDateUtc":"0001-01-01T00:00:00","commentDateForMobile":"0001-01-01T00:00:00 +00:00","commentDateFormatted":null,"commentTimeFormatted":null,"userFullName":null,"userType":null,"addedById":0,"byCurrentUser":false,"commentText":null,"commentJson":null,"showSubs":false,"showOwner":false,"canDelete":false,"commentsExist":false,"canNotifyOwner":false,"canNotifySubs":false,"canShowSubs":true,"canShowOwner":true,"defaultShowSubs":false,"defaultShowOwner":true,"defaultNotifySubs":false,"defaultNotifyOwner":false,"builderName":"Picture Build","documentLink":"","contextMenu":"","photo":null,"jobsiteId":35259913,"showCommentInfo":true,"parentId":null,"isUnread":false,"reactions":[]}],"notificationUsers":{"type":1,"value":[],"options":[{"name":"Clients","options":[{"key":null,"id":35259912,"name":"Greg Patatian","secondaryName":null,"selected":true,"extraData":null,"disabled":false,"disableIndividualSelection":false}],"type":2}],"validators":[]},"linkedTypeResponse":6,"channelId":null,"mentionableUsers":[{"id":1694634,"name":"Brian Godley","type":1},{"id":1773931,"name":"(.PM) Jorge Flores","type":1},{"id":2139998,"name":"Ignacio “Nacho” Iniguez","type":1},{"id":2148187,"name":"Fidel Corona","type":1},{"id":2385223,"name":"Maximino Sanchez","type":1},{"id":2403211,"name":"Fidel (Shaka) Calixto","type":1},{"id":2906690,"name":"Salvador Calixto","type":1},{"id":4302489,"name":"(HR) Mo Solomon","type":1},{"id":4947380,"name":"Antonio Nanez","type":1},{"id":5172642,"name":"JuanCarlos Vallejo","type":1},{"id":5722364,"name":"Carlos Sosa","type":1},{"id":5762437,"name":"Daniel Aguilar","type":1},{"id":7232801,"name":"Juan Rodriguez","type":1},{"id":7791976,"name":"Jesus Panuco","type":1},{"id":7869880,"name":"(.PM) Carter Godley","type":1},{"id":10222171,"name":"Hugo Guzman","type":1},{"id":10601045,"name":"Bryan Vielman","type":1},{"id":10761004,"name":"Alfredo Moran","type":1},{"id":11144557,"name":"Ignacio Chavez","type":1},{"id":12180052,"name":"Hector Martinez","type":1},{"id":13073514,"name":"Justin Gonzales","type":1},{"id":13454204,"name":"Malaquias Sanchez","type":1},{"id":18233145,"name":"Carlos \"Alex\" Maldonado","type":1},{"id":27108896,"name":"Wilians Sibrian","type":1},{"id":33081561,"name":"Jimmy Lopez","type":1},{"id":33224959,"name":"Oscar Valdez","type":1},{"id":33807905,"name":"John Durso","type":1},{"id":34290137,"name":"Jose Rosas","type":1},{"id":34909075,"name":"James Durso","type":1},{"id":35098767,"name":"Juan Campos","type":1},{"id":35384574,"name":"Rafael Aguilar","type":1},{"id":36038906,"name":"Erik Reyes","type":1},{"id":38541606,"name":"Luis Rosas","type":1},{"id":38568365,"name":"Marco Pacheco","type":1},{"id":38587702,"name":"Ryan Jimenez","type":1},{"id":38756629,"name":"Antonio Nazario Torres","type":1},{"id":38756771,"name":"Victor Nazario Torres","type":1},{"id":38908489,"name":"Aracely Villegas","type":1},{"id":39232095,"name":"Lucas \"Jose\" Rosas","type":1},{"id":39279656,"name":"Anna Kurihara","type":1},{"id":39482625,"name":"Fernando Vega","type":1},{"id":39744802,"name":"Francisco \"Pancho\" Lazaro","type":1},{"id":39848595,"name":"Hebert Mejia","type":1},{"id":40458052,"name":"Javier Andrade","type":1},{"id":40953459,"name":"Adrian Iniguez","type":1},{"id":41008894,"name":"Kevin Torres","type":1},{"id":41009358,"name":"Rigoberto \"Rigo\" Navarro","type":1},{"id":41350209,"name":"(.PM) Paul DeAngelis","type":1},{"id":41870427,"name":"Roy Kimchi","type":1},{"id":42815369,"name":"(HR2) MO MO","type":1},{"id":42852585,"name":"Jesus \"Jesse\" Gallo","type":1},{"id":43542269,"name":"Roman DeAngelis","type":1},{"id":44659007,"name":"Erin Godley","type":1},{"id":44912214,"name":"Bryan Meza","type":1},{"id":44922977,"name":"Kevin Barralaga","type":1},{"id":35259912,"name":"Greg Patatian","type":7}]},"showDiscussions":true,"showCommentInfo":true,"rfis":[],"showRfis":false,"currentPortalType":1,"hasAddRFIPermissions":false,"hasAddCommentPermissions":true,"restrictSubAccess":false,"jobId":35259913,"jobName":"(7 Finance *MS) Patatian, Greg 1","entityTitle":"4-21-2026","rfiButtonOverride":{"value":false,"message":""},"linkedDiscussionEntities":{"commentLinkedId":87368934,"commentLinkedType":6,"rfiLinkedId":87368934,"rfiLinkedType":6},"showComments":true,"channelId":null,"oldestUnreadCommentId":null},"tags":[],"viewableBy":{"showInternals":true,"showSubs":false,"showClients":true,"isPrivate":false,"isPrivateEnabled":true},"relatedToDos":null,"canAddToDos":false,"customFields":{"showNoCustomFieldsMessage":true,"customFieldOptions":{},"customFields":[],"customFieldAssociatedType":11,"customFieldsCanConfigure":false},"latitude":null,"longitude":null,"isLocationTrackingEnabled":false,"readReceipts":{"seenByClients":[],"seenBySubs":[],"seenByInternalUsers":[{"userId":13073514,"userName":"Justin Gonzales","timestamp":"2026-04-25T02:13:38.433Z","loginType":1},{"userId":33807905,"userName":"John Durso","timestamp":"2026-04-22T17:28:34.039Z","loginType":1},{"userId":7869880,"userName":"(.PM) Carter Godley","timestamp":"2026-04-22T17:02:26.186Z","loginType":1}],"earliestView":null},"canEdit":true,"canDelete":true,"tasksMappingData":{"relatedItem":{"entityId":87368934,"entityType":11,"externalId":"7467603e-cfc2-4c3e-a1bd-0d2c33b7d77f"},"title":null,"description":{"schemaVersion":"1.0.0","content":{"type":"doc","content":[{"type":"paragraph","content":[{"type":"text","text":"Created from "},{"type":"entityLink","attrs":{"externalId":"7467603e-cfc2-4c3e-a1bd-0d2c33b7d77f"}}]}]}},"jobId":35259913,"builderId":13216}}
200 application/json; charset=utf-8          https://buildertrend.net/apix/v2/DailyLogs/87368934/user-interactions
   body[60000]: []
200 application/json; charset=utf-8          https://buildertrend.net/apix/v2/Tasks/by-related-entity?EntityId=87368934&EntityType=11
204                                          https://buildertrend.net/apix/v2/EntityRecords/7467603e-cfc2-4c3e-a1bd-0d2c33b7d77f
   body[800]: []
200 image/jpeg                               https://buildertrend.net/api/files/1168766192/preview?autorotate=true&builderId=13216&height=900&jobId=35259913&mode=3&rowVersion=34898847734&width=900
200 image/jpeg                               https://buildertrend.net/api/files/1168766190/preview?autorotate=true&builderId=13216&height=900&jobId=35259913&mode=3&rowVersion=34898847678&width=900
final url: https://buildertrend.net/app/DailyLogView/87368934/35259913/none
200 text/javascript                          https://maps.googleapis.com/maps-api-v3/api/js/65/2d/util.js
200 application/json                         https://buildertrend.net/analytics/mp-proxy/track/?verbose=1&ip=1&_=1780007923276
200 application/json                         https://buildertrend.net/analytics/mp-proxy/engage/?verbose=1&ip=1&_=1780007923277
